<?xml version="1.0" encoding="UTF-8"?>
<!-- Generated by org.testng.reporters.JUnitReportReporter -->
<testsuite skipped="0" hostname="tamaraPC" name="TestFrameWork_Test.ClassTest2" tests="3" failures="0" timestamp="22 Feb 2018 05:33:52 GMT" time="0.011" errors="0">
  <testcase name="testPrint1" time="0.009" classname="TestFrameWork_Test.ClassTest2"/>
  <testcase name="testPrint2" time="0.001" classname="TestFrameWork_Test.ClassTest2"/>
  <testcase name="testPrint3" time="0.001" classname="TestFrameWork_Test.ClassTest2"/>
</testsuite> <!-- TestFrameWork_Test.ClassTest2 -->
