<?xml version="1.0" encoding="UTF-8"?>
<!-- Generated by org.testng.reporters.JUnitReportReporter -->
<testsuite skipped="0" hostname="tamaraPC" name="TestFrameWork_Test.ClassTest1" tests="2" failures="0" timestamp="22 Feb 2018 05:33:52 GMT" time="0.004" errors="0">
  <testcase name="testPrint3" time="0.002" classname="TestFrameWork_Test.ClassTest1"/>
  <testcase name="testPrint1" time="0.002" classname="TestFrameWork_Test.ClassTest1"/>
</testsuite> <!-- TestFrameWork_Test.ClassTest1 -->
